<?xml version="1.0" encoding="UTF-8"?>
<!-- Generated by org.testng.reporters.JUnitReportReporter -->
<testsuite hostname="IND-MHP3DW10538" name="Runner.TestNgRunnerTest" tests="2" failures="0" timestamp="25 Jan 2019 10:39:44 GMT" time="0.034" errors="0">
  <testcase name="feature" time="0.027" classname="Runner.TestNgRunnerTest"/>
  <testcase name="feature" time="0.007" classname="Runner.TestNgRunnerTest"/>
</testsuite> <!-- Runner.TestNgRunnerTest -->
