<?xml version="1.0" encoding="UTF-8"?>
<!-- Generated by org.testng.reporters.JUnitReportReporter -->
<testsuite hostname="IND-MHP3DW10538" name="Runner.TestNgRunner" tests="1" failures="0" timestamp="21 Jan 2019 03:33:48 GMT" time="0.116" errors="0">
  <testcase name="feature" time="0.116" classname="Runner.TestNgRunner"/>
</testsuite> <!-- Runner.TestNgRunner -->
