<?xml version="1.0" encoding="UTF-8"?>
<!-- Generated by org.testng.reporters.JUnitReportReporter -->
<testsuite hostname="DESKTOP-R2LHH53" name="_01pdfandxml01IT" tests="1" failures="0" timestamp="26 Jan 2019 19:23:10 GMT" time="77.086" errors="0">
  <testcase name="feature" time="77.086" classname="_01pdfandxml01IT"/>
</testsuite> <!-- _01pdfandxml01IT -->
