<?xml version="1.0" encoding="UTF-8"?>
<!-- Generated by org.testng.reporters.JUnitReportReporter -->
<testsuite hostname="DESKTOP-R2LHH53" name="Abe02IT" tests="1" failures="0" timestamp="26 Jan 2019 19:22:54 GMT" time="59.604" errors="0">
  <testcase name="feature" time="59.604" classname="Abe02IT"/>
</testsuite> <!-- Abe02IT -->
